[debug] [2024-07-15T14:50:10.388Z] ----------------------------------------------------------------------
[debug] [2024-07-15T14:50:10.391Z] Command:       C:\Program Files\nodejs\node.exe C:\Program Files\nodejs\node_modules\firebase-tools\lib\bin\firebase.js deploy
[debug] [2024-07-15T14:50:10.392Z] CLI Version:   13.13.2
[debug] [2024-07-15T14:50:10.392Z] Platform:      win32
[debug] [2024-07-15T14:50:10.392Z] Node Version:  v18.20.3
[debug] [2024-07-15T14:50:10.398Z] Time:          Mon Jul 15 2024 17:50:10 GMT+0300 (за східноєвропейським літнім часом)
[debug] [2024-07-15T14:50:10.399Z] ----------------------------------------------------------------------
[debug] 
[debug] [2024-07-15T14:50:10.516Z] > refreshing access token with scopes: []
[debug] [2024-07-15T14:50:10.520Z] >>> [apiv2][query] POST https://www.googleapis.com/oauth2/v3/token [none]
[debug] [2024-07-15T14:50:10.520Z] >>> [apiv2][body] POST https://www.googleapis.com/oauth2/v3/token [omitted]
[debug] [2024-07-15T14:50:10.785Z] <<< [apiv2][status] POST https://www.googleapis.com/oauth2/v3/token 200
[debug] [2024-07-15T14:50:10.786Z] <<< [apiv2][body] POST https://www.googleapis.com/oauth2/v3/token [omitted]
[debug] [2024-07-15T14:50:10.804Z] > command requires scopes: ["email","openid","https://www.googleapis.com/auth/cloudplatformprojects.readonly","https://www.googleapis.com/auth/firebase","https://www.googleapis.com/auth/cloud-platform"]
[debug] [2024-07-15T14:50:10.804Z] > authorizing via signed-in user (benitaonisenko@gmail.com)
[debug] [2024-07-15T14:50:10.805Z] [iam] checking project lcii-cd674 for permissions ["firebase.projects.get","firebasehosting.sites.update"]
[debug] [2024-07-15T14:50:10.805Z] >>> [apiv2][query] POST https://cloudresourcemanager.googleapis.com/v1/projects/lcii-cd674:testIamPermissions [none]
[debug] [2024-07-15T14:50:10.806Z] >>> [apiv2][(partial)header] POST https://cloudresourcemanager.googleapis.com/v1/projects/lcii-cd674:testIamPermissions x-goog-quota-user=projects/lcii-cd674
[debug] [2024-07-15T14:50:10.806Z] >>> [apiv2][body] POST https://cloudresourcemanager.googleapis.com/v1/projects/lcii-cd674:testIamPermissions {"permissions":["firebase.projects.get","firebasehosting.sites.update"]}
[debug] [2024-07-15T14:50:11.701Z] <<< [apiv2][status] POST https://cloudresourcemanager.googleapis.com/v1/projects/lcii-cd674:testIamPermissions 200
[debug] [2024-07-15T14:50:11.701Z] <<< [apiv2][body] POST https://cloudresourcemanager.googleapis.com/v1/projects/lcii-cd674:testIamPermissions {}
[debug] [2024-07-15T14:50:11.701Z] [iam] error while checking permissions, command may fail: FirebaseError: Authorization failed. This account is missing the following required permissions on project lcii-cd674:

  firebase.projects.get
  firebasehosting.sites.update
[debug] [2024-07-15T14:50:11.703Z] >>> [apiv2][query] GET https://firebase.googleapis.com/v1beta1/projects/lcii-cd674 [none]
[debug] [2024-07-15T14:50:12.108Z] <<< [apiv2][status] GET https://firebase.googleapis.com/v1beta1/projects/lcii-cd674 403
[debug] [2024-07-15T14:50:12.108Z] <<< [apiv2][body] GET https://firebase.googleapis.com/v1beta1/projects/lcii-cd674 {"error":{"code":403,"message":"The caller does not have permission","status":"PERMISSION_DENIED"}}
[debug] [2024-07-15T14:50:12.110Z] HTTP Error: 403, The caller does not have permission
[error] 
[error] Error: Assertion failed: resolving hosting target of a site with no site name or target name. This should have caused an error earlier
